2018/02/19 20:39:46 [error] 7#7: *2 open() "/application/favicon.ico" failed (2: No such file or directory), client: 172.20.0.1, server: www.pomanager.it, request: "GET /favicon.ico HTTP/1.1", host: "www.pomanager.it", referrer: "http://www.pomanager.it/"
2018/02/19 20:40:38 [error] 7#7: *2 open() "/application/hello/dario" failed (2: No such file or directory), client: 172.20.0.1, server: www.pomanager.it, request: "GET /hello/dario HTTP/1.1", host: "www.pomanager.it"
2018/02/19 20:41:59 [error] 15#15: *8 FastCGI sent in stderr: "PHP message: PHP Warning:  require(../vendor/autoload.php): failed to open stream: No such file or directory in /application/index.php on line 5
PHP message: PHP Stack trace:
PHP message: PHP   1. {main}() /application/index.php:0
PHP message: PHP Fatal error:  require(): Failed opening required '../vendor/autoload.php' (include_path='.:/usr/share/php') in /application/index.php on line 5
PHP message: PHP Stack trace:
PHP message: PHP   1. {main}() /application/index.php:0" while reading response header from upstream, client: 172.20.0.1, server: www.pomanager.it, request: "GET /hello/dario HTTP/1.1", upstream: "fastcgi://172.20.0.3:9000", host: "www.pomanager.it"
2018/02/19 20:42:02 [error] 15#15: *8 FastCGI sent in stderr: "PHP message: PHP Warning:  require(../vendor/autoload.php): failed to open stream: No such file or directory in /application/index.php on line 5
PHP message: PHP Stack trace:
PHP message: PHP   1. {main}() /application/index.php:0
PHP message: PHP Fatal error:  require(): Failed opening required '../vendor/autoload.php' (include_path='.:/usr/share/php') in /application/index.php on line 5
PHP message: PHP Stack trace:
PHP message: PHP   1. {main}() /application/index.php:0" while reading response header from upstream, client: 172.20.0.1, server: www.pomanager.it, request: "GET /hello/dario HTTP/1.1", upstream: "fastcgi://172.20.0.3:9000", host: "www.pomanager.it"
2018/02/19 20:42:34 [error] 15#15: *8 FastCGI sent in stderr: "PHP message: PHP Warning:  require(../vendor/autoload.php): failed to open stream: No such file or directory in /application/index.php on line 5
PHP message: PHP Stack trace:
PHP message: PHP   1. {main}() /application/index.php:0
PHP message: PHP Fatal error:  require(): Failed opening required '../vendor/autoload.php' (include_path='.:/usr/share/php') in /application/index.php on line 5
PHP message: PHP Stack trace:
PHP message: PHP   1. {main}() /application/index.php:0" while reading response header from upstream, client: 172.20.0.1, server: www.pomanager.it, request: "GET /hello/dario HTTP/1.1", upstream: "fastcgi://172.20.0.3:9000", host: "www.pomanager.it"
2018/02/19 21:59:36 [error] 8#8: *2 FastCGI sent in stderr: "PHP message: Slim Application Error:
Type: Error
Message: Class 'AtlasContainer' not found
File: /application/index.php
Line: 9
Trace: #0 [internal function]: Closure->{closure}(Object(Slim\Http\Request), Object(Slim\Http\Response), Array)
#1 /application/vendor/slim/slim/Slim/Handlers/Strategies/RequestResponse.php(41): call_user_func(Object(Closure), Object(Slim\Http\Request), Object(Slim\Http\Response), Array)
#2 /application/vendor/slim/slim/Slim/Route.php(335): Slim\Handlers\Strategies\RequestResponse->__invoke(Object(Closure), Object(Slim\Http\Request), Object(Slim\Http\Response), Array)
#3 /application/vendor/slim/slim/Slim/MiddlewareAwareTrait.php(117): Slim\Route->__invoke(Object(Slim\Http\Request), Object(Slim\Http\Response))
#4 /application/vendor/slim/slim/Slim/Route.php(313): Slim\Route->callMiddlewareStack(Object(Slim\Http\Request), Object(Slim\Http\Response))
#5 /application/vendor/slim/slim/Slim/App.php(495): Slim\Route->run(Object(Slim\Http\Request), Object(Slim\Http\Response))
#6 /applic" while reading response header from upstream, client: 172.20.0.1, server: www.pomanager.it, request: "GET /hello/ HTTP/1.1", upstream: "fastcgi://172.20.0.3:9000", host: "www.pomanager.it"
2018/02/19 21:59:59 [error] 8#8: *2 FastCGI sent in stderr: "PHP message: Slim Application Error:
Type: Error
Message: Class 'AtlasContainer' not found
File: /application/index.php
Line: 9
Trace: #0 [internal function]: Closure->{closure}(Object(Slim\Http\Request), Object(Slim\Http\Response), Array)
#1 /application/vendor/slim/slim/Slim/Handlers/Strategies/RequestResponse.php(41): call_user_func(Object(Closure), Object(Slim\Http\Request), Object(Slim\Http\Response), Array)
#2 /application/vendor/slim/slim/Slim/Route.php(335): Slim\Handlers\Strategies\RequestResponse->__invoke(Object(Closure), Object(Slim\Http\Request), Object(Slim\Http\Response), Array)
#3 /application/vendor/slim/slim/Slim/MiddlewareAwareTrait.php(117): Slim\Route->__invoke(Object(Slim\Http\Request), Object(Slim\Http\Response))
#4 /application/vendor/slim/slim/Slim/Route.php(313): Slim\Route->callMiddlewareStack(Object(Slim\Http\Request), Object(Slim\Http\Response))
#5 /application/vendor/slim/slim/Slim/App.php(495): Slim\Route->run(Object(Slim\Http\Request), Object(Slim\Http\Response))
#6 /applic" while reading response header from upstream, client: 172.20.0.1, server: www.pomanager.it, request: "GET /hello/ HTTP/1.1", upstream: "fastcgi://172.20.0.3:9000", host: "www.pomanager.it"
2018/02/19 22:01:04 [error] 8#8: *2 FastCGI sent in stderr: "PHP message: Slim Application Error:
Type: Atlas\Orm\Exception
Message: App\DataSource\Language\LanguageMapper does not exist.
File: /application/vendor/atlas/orm/src/Exception.php
Line: 31
Trace: #0 /application/vendor/atlas/orm/src/AtlasContainer.php(335): Atlas\Orm\Exception::classDoesNotExist('App\\DataSource\\...')
#1 /application/vendor/atlas/orm/src/AtlasContainer.php(317): Atlas\Orm\AtlasContainer->setMapper('App\\DataSource\\...')
#2 /application/index.php(16): Atlas\Orm\AtlasContainer->setMappers(Array)
#3 [internal function]: Closure->{closure}(Object(Slim\Http\Request), Object(Slim\Http\Response), Array)
#4 /application/vendor/slim/slim/Slim/Handlers/Strategies/RequestResponse.php(41): call_user_func(Object(Closure), Object(Slim\Http\Request), Object(Slim\Http\Response), Array)
#5 /application/vendor/slim/slim/Slim/Route.php(335): Slim\Handlers\Strategies\RequestResponse->__invoke(Object(Closure), Object(Slim\Http\Request), Object(Slim\Http\Response), Array)
#6 /application/vendor/slim/slim/Sl" while reading response header from upstream, client: 172.20.0.1, server: www.pomanager.it, request: "GET /hello/ HTTP/1.1", upstream: "fastcgi://172.20.0.3:9000", host: "www.pomanager.it"
2018/02/19 22:01:09 [error] 8#8: *2 FastCGI sent in stderr: "PHP message: Slim Application Error:
Type: Atlas\Orm\Exception
Message: App\DataSource\Language\LanguageMapper does not exist.
File: /application/vendor/atlas/orm/src/Exception.php
Line: 31
Trace: #0 /application/vendor/atlas/orm/src/AtlasContainer.php(335): Atlas\Orm\Exception::classDoesNotExist('App\\DataSource\\...')
#1 /application/vendor/atlas/orm/src/AtlasContainer.php(317): Atlas\Orm\AtlasContainer->setMapper('App\\DataSource\\...')
#2 /application/index.php(16): Atlas\Orm\AtlasContainer->setMappers(Array)
#3 [internal function]: Closure->{closure}(Object(Slim\Http\Request), Object(Slim\Http\Response), Array)
#4 /application/vendor/slim/slim/Slim/Handlers/Strategies/RequestResponse.php(41): call_user_func(Object(Closure), Object(Slim\Http\Request), Object(Slim\Http\Response), Array)
#5 /application/vendor/slim/slim/Slim/Route.php(335): Slim\Handlers\Strategies\RequestResponse->__invoke(Object(Closure), Object(Slim\Http\Request), Object(Slim\Http\Response), Array)
#6 /application/vendor/slim/slim/Sl" while reading response header from upstream, client: 172.20.0.1, server: www.pomanager.it, request: "GET /hello/ HTTP/1.1", upstream: "fastcgi://172.20.0.3:9000", host: "www.pomanager.it"
2018/02/19 22:01:59 [error] 8#8: *2 FastCGI sent in stderr: "PHP message: Slim Application Error:
Type: Atlas\Orm\Exception
Message: App\DataSource\Language\LanguageMapper does not exist.
File: /application/vendor/atlas/orm/src/Exception.php
Line: 31
Trace: #0 /application/vendor/atlas/orm/src/AtlasContainer.php(335): Atlas\Orm\Exception::classDoesNotExist('App\\DataSource\\...')
#1 /application/vendor/atlas/orm/src/AtlasContainer.php(317): Atlas\Orm\AtlasContainer->setMapper('App\\DataSource\\...')
#2 /application/index.php(16): Atlas\Orm\AtlasContainer->setMappers(Array)
#3 [internal function]: Closure->{closure}(Object(Slim\Http\Request), Object(Slim\Http\Response), Array)
#4 /application/vendor/slim/slim/Slim/Handlers/Strategies/RequestResponse.php(41): call_user_func(Object(Closure), Object(Slim\Http\Request), Object(Slim\Http\Response), Array)
#5 /application/vendor/slim/slim/Slim/Route.php(335): Slim\Handlers\Strategies\RequestResponse->__invoke(Object(Closure), Object(Slim\Http\Request), Object(Slim\Http\Response), Array)
#6 /application/vendor/slim/slim/Sl" while reading response header from upstream, client: 172.20.0.1, server: www.pomanager.it, request: "GET /hello/ HTTP/1.1", upstream: "fastcgi://172.20.0.3:9000", host: "www.pomanager.it"
2018/02/19 22:02:04 [error] 8#8: *2 FastCGI sent in stderr: "PHP message: Slim Application Error:
Type: Atlas\Orm\Exception
Message: App\DataSource\Language\LanguageMapper does not exist.
File: /application/vendor/atlas/orm/src/Exception.php
Line: 31
Trace: #0 /application/vendor/atlas/orm/src/AtlasContainer.php(335): Atlas\Orm\Exception::classDoesNotExist('App\\DataSource\\...')
#1 /application/vendor/atlas/orm/src/AtlasContainer.php(317): Atlas\Orm\AtlasContainer->setMapper('App\\DataSource\\...')
#2 /application/index.php(16): Atlas\Orm\AtlasContainer->setMappers(Array)
#3 [internal function]: Closure->{closure}(Object(Slim\Http\Request), Object(Slim\Http\Response), Array)
#4 /application/vendor/slim/slim/Slim/Handlers/Strategies/RequestResponse.php(41): call_user_func(Object(Closure), Object(Slim\Http\Request), Object(Slim\Http\Response), Array)
#5 /application/vendor/slim/slim/Slim/Route.php(335): Slim\Handlers\Strategies\RequestResponse->__invoke(Object(Closure), Object(Slim\Http\Request), Object(Slim\Http\Response), Array)
#6 /application/vendor/slim/slim/Sl" while reading response header from upstream, client: 172.20.0.1, server: www.pomanager.it, request: "GET /hello/ HTTP/1.1", upstream: "fastcgi://172.20.0.3:9000", host: "www.pomanager.it"
2018/02/19 22:03:01 [error] 8#8: *2 FastCGI sent in stderr: "PHP message: Slim Application Error:
Type: Atlas\Orm\Exception
Message: App\DataSource\Language\LanguageMapper does not exist.
File: /application/vendor/atlas/orm/src/Exception.php
Line: 31
Trace: #0 /application/vendor/atlas/orm/src/AtlasContainer.php(335): Atlas\Orm\Exception::classDoesNotExist('App\\DataSource\\...')
#1 /application/vendor/atlas/orm/src/AtlasContainer.php(317): Atlas\Orm\AtlasContainer->setMapper('App\\DataSource\\...')
#2 /application/index.php(17): Atlas\Orm\AtlasContainer->setMappers(Array)
#3 [internal function]: Closure->{closure}(Object(Slim\Http\Request), Object(Slim\Http\Response), Array)
#4 /application/vendor/slim/slim/Slim/Handlers/Strategies/RequestResponse.php(41): call_user_func(Object(Closure), Object(Slim\Http\Request), Object(Slim\Http\Response), Array)
#5 /application/vendor/slim/slim/Slim/Route.php(335): Slim\Handlers\Strategies\RequestResponse->__invoke(Object(Closure), Object(Slim\Http\Request), Object(Slim\Http\Response), Array)
#6 /application/vendor/slim/slim/Sl" while reading response header from upstream, client: 172.20.0.1, server: www.pomanager.it, request: "GET /hello/ HTTP/1.1", upstream: "fastcgi://172.20.0.3:9000", host: "www.pomanager.it"
2018/02/19 22:04:34 [error] 8#8: *15 FastCGI sent in stderr: "PHP message: Slim Application Error:
Type: Atlas\Orm\Exception
Message: App\DataSource\Language\LanguageMapper does not exist.
File: /application/vendor/atlas/orm/src/Exception.php
Line: 31
Trace: #0 /application/vendor/atlas/orm/src/AtlasContainer.php(335): Atlas\Orm\Exception::classDoesNotExist('App\\DataSource\\...')
#1 /application/vendor/atlas/orm/src/AtlasContainer.php(317): Atlas\Orm\AtlasContainer->setMapper('App\\DataSource\\...')
#2 /application/index.php(17): Atlas\Orm\AtlasContainer->setMappers(Array)
#3 [internal function]: Closure->{closure}(Object(Slim\Http\Request), Object(Slim\Http\Response), Array)
#4 /application/vendor/slim/slim/Slim/Handlers/Strategies/RequestResponse.php(41): call_user_func(Object(Closure), Object(Slim\Http\Request), Object(Slim\Http\Response), Array)
#5 /application/vendor/slim/slim/Slim/Route.php(335): Slim\Handlers\Strategies\RequestResponse->__invoke(Object(Closure), Object(Slim\Http\Request), Object(Slim\Http\Response), Array)
#6 /application/vendor/slim/slim/Sl" while reading response header from upstream, client: 172.20.0.1, server: www.pomanager.it, request: "GET /hello/ HTTP/1.1", upstream: "fastcgi://172.20.0.3:9000", host: "www.pomanager.it"
2018/02/19 22:04:35 [error] 8#8: *15 FastCGI sent in stderr: "PHP message: Slim Application Error:
Type: Atlas\Orm\Exception
Message: App\DataSource\Language\LanguageMapper does not exist.
File: /application/vendor/atlas/orm/src/Exception.php
Line: 31
Trace: #0 /application/vendor/atlas/orm/src/AtlasContainer.php(335): Atlas\Orm\Exception::classDoesNotExist('App\\DataSource\\...')
#1 /application/vendor/atlas/orm/src/AtlasContainer.php(317): Atlas\Orm\AtlasContainer->setMapper('App\\DataSource\\...')
#2 /application/index.php(17): Atlas\Orm\AtlasContainer->setMappers(Array)
#3 [internal function]: Closure->{closure}(Object(Slim\Http\Request), Object(Slim\Http\Response), Array)
#4 /application/vendor/slim/slim/Slim/Handlers/Strategies/RequestResponse.php(41): call_user_func(Object(Closure), Object(Slim\Http\Request), Object(Slim\Http\Response), Array)
#5 /application/vendor/slim/slim/Slim/Route.php(335): Slim\Handlers\Strategies\RequestResponse->__invoke(Object(Closure), Object(Slim\Http\Request), Object(Slim\Http\Response), Array)
#6 /application/vendor/slim/slim/Sl" while reading response header from upstream, client: 172.20.0.1, server: www.pomanager.it, request: "GET /hello/ HTTP/1.1", upstream: "fastcgi://172.20.0.3:9000", host: "www.pomanager.it"
2018/02/19 22:04:35 [error] 8#8: *15 FastCGI sent in stderr: "PHP message: Slim Application Error:
Type: Atlas\Orm\Exception
Message: App\DataSource\Language\LanguageMapper does not exist.
File: /application/vendor/atlas/orm/src/Exception.php
Line: 31
Trace: #0 /application/vendor/atlas/orm/src/AtlasContainer.php(335): Atlas\Orm\Exception::classDoesNotExist('App\\DataSource\\...')
#1 /application/vendor/atlas/orm/src/AtlasContainer.php(317): Atlas\Orm\AtlasContainer->setMapper('App\\DataSource\\...')
#2 /application/index.php(17): Atlas\Orm\AtlasContainer->setMappers(Array)
#3 [internal function]: Closure->{closure}(Object(Slim\Http\Request), Object(Slim\Http\Response), Array)
#4 /application/vendor/slim/slim/Slim/Handlers/Strategies/RequestResponse.php(41): call_user_func(Object(Closure), Object(Slim\Http\Request), Object(Slim\Http\Response), Array)
#5 /application/vendor/slim/slim/Slim/Route.php(335): Slim\Handlers\Strategies\RequestResponse->__invoke(Object(Closure), Object(Slim\Http\Request), Object(Slim\Http\Response), Array)
#6 /application/vendor/slim/slim/Sl" while reading response header from upstream, client: 172.20.0.1, server: www.pomanager.it, request: "GET /hello/ HTTP/1.1", upstream: "fastcgi://172.20.0.3:9000", host: "www.pomanager.it"
2018/02/19 22:04:35 [error] 8#8: *15 FastCGI sent in stderr: "PHP message: Slim Application Error:
Type: Atlas\Orm\Exception
Message: App\DataSource\Language\LanguageMapper does not exist.
File: /application/vendor/atlas/orm/src/Exception.php
Line: 31
Trace: #0 /application/vendor/atlas/orm/src/AtlasContainer.php(335): Atlas\Orm\Exception::classDoesNotExist('App\\DataSource\\...')
#1 /application/vendor/atlas/orm/src/AtlasContainer.php(317): Atlas\Orm\AtlasContainer->setMapper('App\\DataSource\\...')
#2 /application/index.php(17): Atlas\Orm\AtlasContainer->setMappers(Array)
#3 [internal function]: Closure->{closure}(Object(Slim\Http\Request), Object(Slim\Http\Response), Array)
#4 /application/vendor/slim/slim/Slim/Handlers/Strategies/RequestResponse.php(41): call_user_func(Object(Closure), Object(Slim\Http\Request), Object(Slim\Http\Response), Array)
#5 /application/vendor/slim/slim/Slim/Route.php(335): Slim\Handlers\Strategies\RequestResponse->__invoke(Object(Closure), Object(Slim\Http\Request), Object(Slim\Http\Response), Array)
#6 /application/vendor/slim/slim/Sl" while reading response header from upstream, client: 172.20.0.1, server: www.pomanager.it, request: "GET /hello/ HTTP/1.1", upstream: "fastcgi://172.20.0.3:9000", host: "www.pomanager.it"
2018/02/19 22:04:36 [error] 8#8: *15 FastCGI sent in stderr: "PHP message: Slim Application Error:
Type: Atlas\Orm\Exception
Message: App\DataSource\Language\LanguageMapper does not exist.
File: /application/vendor/atlas/orm/src/Exception.php
Line: 31
Trace: #0 /application/vendor/atlas/orm/src/AtlasContainer.php(335): Atlas\Orm\Exception::classDoesNotExist('App\\DataSource\\...')
#1 /application/vendor/atlas/orm/src/AtlasContainer.php(317): Atlas\Orm\AtlasContainer->setMapper('App\\DataSource\\...')
#2 /application/index.php(17): Atlas\Orm\AtlasContainer->setMappers(Array)
#3 [internal function]: Closure->{closure}(Object(Slim\Http\Request), Object(Slim\Http\Response), Array)
#4 /application/vendor/slim/slim/Slim/Handlers/Strategies/RequestResponse.php(41): call_user_func(Object(Closure), Object(Slim\Http\Request), Object(Slim\Http\Response), Array)
#5 /application/vendor/slim/slim/Slim/Route.php(335): Slim\Handlers\Strategies\RequestResponse->__invoke(Object(Closure), Object(Slim\Http\Request), Object(Slim\Http\Response), Array)
#6 /application/vendor/slim/slim/Sl" while reading response header from upstream, client: 172.20.0.1, server: www.pomanager.it, request: "GET /hello/ HTTP/1.1", upstream: "fastcgi://172.20.0.3:9000", host: "www.pomanager.it"
2018/02/19 22:05:21 [error] 8#8: *15 FastCGI sent in stderr: "PHP message: Slim Application Error:
Type: PDOException
Code: 2002
Message: SQLSTATE[HY000] [2002] No such file or directory
File: /application/vendor/aura/sql/src/ExtendedPdo.php
Line: 217
Trace: #0 /application/vendor/aura/sql/src/ExtendedPdo.php(217): PDO->__construct('mysql:host=loca...', 'root', 'r083rt0', Array)
#1 /application/vendor/aura/sql/src/ExtendedPdo.php(769): Aura\Sql\ExtendedPdo->connect()
#2 /application/vendor/aura/sql/src/ExtendedPdo.php(984): Aura\Sql\ExtendedPdo->prepare('SELECT\n    `lan...')
#3 /application/vendor/aura/sql/src/ExtendedPdo.php(746): Aura\Sql\ExtendedPdo->prepareWithValues('SELECT\n    `lan...', Array)
#4 /application/vendor/aura/sql/src/ExtendedPdo.php(545): Aura\Sql\ExtendedPdo->perform('SELECT\n    `lan...', Array)
#5 /application/vendor/atlas/orm/src/Table/TableSelect.php(189): Aura\Sql\ExtendedPdo->fetchOne('SELECT\n    `lan...', Array)
#6 /application/vendor/atlas/orm/src/Table/TableSelect.php(310): Atlas\Orm\Table\TableSelect->fetchOne()
#7 [internal function]" while reading response header from upstream, client: 172.20.0.1, server: www.pomanager.it, request: "GET /hello/ HTTP/1.1", upstream: "fastcgi://172.20.0.3:9000", host: "www.pomanager.it"
2018/02/19 22:05:22 [error] 8#8: *15 FastCGI sent in stderr: "PHP message: Slim Application Error:
Type: PDOException
Code: 2002
Message: SQLSTATE[HY000] [2002] No such file or directory
File: /application/vendor/aura/sql/src/ExtendedPdo.php
Line: 217
Trace: #0 /application/vendor/aura/sql/src/ExtendedPdo.php(217): PDO->__construct('mysql:host=loca...', 'root', 'r083rt0', Array)
#1 /application/vendor/aura/sql/src/ExtendedPdo.php(769): Aura\Sql\ExtendedPdo->connect()
#2 /application/vendor/aura/sql/src/ExtendedPdo.php(984): Aura\Sql\ExtendedPdo->prepare('SELECT\n    `lan...')
#3 /application/vendor/aura/sql/src/ExtendedPdo.php(746): Aura\Sql\ExtendedPdo->prepareWithValues('SELECT\n    `lan...', Array)
#4 /application/vendor/aura/sql/src/ExtendedPdo.php(545): Aura\Sql\ExtendedPdo->perform('SELECT\n    `lan...', Array)
#5 /application/vendor/atlas/orm/src/Table/TableSelect.php(189): Aura\Sql\ExtendedPdo->fetchOne('SELECT\n    `lan...', Array)
#6 /application/vendor/atlas/orm/src/Table/TableSelect.php(310): Atlas\Orm\Table\TableSelect->fetchOne()
#7 [internal function]" while reading response header from upstream, client: 172.20.0.1, server: www.pomanager.it, request: "GET /hello/ HTTP/1.1", upstream: "fastcgi://172.20.0.3:9000", host: "www.pomanager.it"
2018/02/19 22:05:23 [error] 8#8: *15 FastCGI sent in stderr: "PHP message: Slim Application Error:
Type: PDOException
Code: 2002
Message: SQLSTATE[HY000] [2002] No such file or directory
File: /application/vendor/aura/sql/src/ExtendedPdo.php
Line: 217
Trace: #0 /application/vendor/aura/sql/src/ExtendedPdo.php(217): PDO->__construct('mysql:host=loca...', 'root', 'r083rt0', Array)
#1 /application/vendor/aura/sql/src/ExtendedPdo.php(769): Aura\Sql\ExtendedPdo->connect()
#2 /application/vendor/aura/sql/src/ExtendedPdo.php(984): Aura\Sql\ExtendedPdo->prepare('SELECT\n    `lan...')
#3 /application/vendor/aura/sql/src/ExtendedPdo.php(746): Aura\Sql\ExtendedPdo->prepareWithValues('SELECT\n    `lan...', Array)
#4 /application/vendor/aura/sql/src/ExtendedPdo.php(545): Aura\Sql\ExtendedPdo->perform('SELECT\n    `lan...', Array)
#5 /application/vendor/atlas/orm/src/Table/TableSelect.php(189): Aura\Sql\ExtendedPdo->fetchOne('SELECT\n    `lan...', Array)
#6 /application/vendor/atlas/orm/src/Table/TableSelect.php(310): Atlas\Orm\Table\TableSelect->fetchOne()
#7 [internal function]" while reading response header from upstream, client: 172.20.0.1, server: www.pomanager.it, request: "GET /hello/ HTTP/1.1", upstream: "fastcgi://172.20.0.3:9000", host: "www.pomanager.it"
2018/02/19 22:05:23 [error] 8#8: *15 FastCGI sent in stderr: "PHP message: Slim Application Error:
Type: PDOException
Code: 2002
Message: SQLSTATE[HY000] [2002] No such file or directory
File: /application/vendor/aura/sql/src/ExtendedPdo.php
Line: 217
Trace: #0 /application/vendor/aura/sql/src/ExtendedPdo.php(217): PDO->__construct('mysql:host=loca...', 'root', 'r083rt0', Array)
#1 /application/vendor/aura/sql/src/ExtendedPdo.php(769): Aura\Sql\ExtendedPdo->connect()
#2 /application/vendor/aura/sql/src/ExtendedPdo.php(984): Aura\Sql\ExtendedPdo->prepare('SELECT\n    `lan...')
#3 /application/vendor/aura/sql/src/ExtendedPdo.php(746): Aura\Sql\ExtendedPdo->prepareWithValues('SELECT\n    `lan...', Array)
#4 /application/vendor/aura/sql/src/ExtendedPdo.php(545): Aura\Sql\ExtendedPdo->perform('SELECT\n    `lan...', Array)
#5 /application/vendor/atlas/orm/src/Table/TableSelect.php(189): Aura\Sql\ExtendedPdo->fetchOne('SELECT\n    `lan...', Array)
#6 /application/vendor/atlas/orm/src/Table/TableSelect.php(310): Atlas\Orm\Table\TableSelect->fetchOne()
#7 [internal function]" while reading response header from upstream, client: 172.20.0.1, server: www.pomanager.it, request: "GET /hello/ HTTP/1.1", upstream: "fastcgi://172.20.0.3:9000", host: "www.pomanager.it"
2018/02/19 22:05:24 [error] 8#8: *15 FastCGI sent in stderr: "PHP message: Slim Application Error:
Type: PDOException
Code: 2002
Message: SQLSTATE[HY000] [2002] No such file or directory
File: /application/vendor/aura/sql/src/ExtendedPdo.php
Line: 217
Trace: #0 /application/vendor/aura/sql/src/ExtendedPdo.php(217): PDO->__construct('mysql:host=loca...', 'root', 'r083rt0', Array)
#1 /application/vendor/aura/sql/src/ExtendedPdo.php(769): Aura\Sql\ExtendedPdo->connect()
#2 /application/vendor/aura/sql/src/ExtendedPdo.php(984): Aura\Sql\ExtendedPdo->prepare('SELECT\n    `lan...')
#3 /application/vendor/aura/sql/src/ExtendedPdo.php(746): Aura\Sql\ExtendedPdo->prepareWithValues('SELECT\n    `lan...', Array)
#4 /application/vendor/aura/sql/src/ExtendedPdo.php(545): Aura\Sql\ExtendedPdo->perform('SELECT\n    `lan...', Array)
#5 /application/vendor/atlas/orm/src/Table/TableSelect.php(189): Aura\Sql\ExtendedPdo->fetchOne('SELECT\n    `lan...', Array)
#6 /application/vendor/atlas/orm/src/Table/TableSelect.php(310): Atlas\Orm\Table\TableSelect->fetchOne()
#7 [internal function]" while reading response header from upstream, client: 172.20.0.1, server: www.pomanager.it, request: "GET /hello/ HTTP/1.1", upstream: "fastcgi://172.20.0.3:9000", host: "www.pomanager.it"
2018/02/19 22:05:24 [error] 8#8: *15 FastCGI sent in stderr: "PHP message: Slim Application Error:
Type: PDOException
Code: 2002
Message: SQLSTATE[HY000] [2002] No such file or directory
File: /application/vendor/aura/sql/src/ExtendedPdo.php
Line: 217
Trace: #0 /application/vendor/aura/sql/src/ExtendedPdo.php(217): PDO->__construct('mysql:host=loca...', 'root', 'r083rt0', Array)
#1 /application/vendor/aura/sql/src/ExtendedPdo.php(769): Aura\Sql\ExtendedPdo->connect()
#2 /application/vendor/aura/sql/src/ExtendedPdo.php(984): Aura\Sql\ExtendedPdo->prepare('SELECT\n    `lan...')
#3 /application/vendor/aura/sql/src/ExtendedPdo.php(746): Aura\Sql\ExtendedPdo->prepareWithValues('SELECT\n    `lan...', Array)
#4 /application/vendor/aura/sql/src/ExtendedPdo.php(545): Aura\Sql\ExtendedPdo->perform('SELECT\n    `lan...', Array)
#5 /application/vendor/atlas/orm/src/Table/TableSelect.php(189): Aura\Sql\ExtendedPdo->fetchOne('SELECT\n    `lan...', Array)
#6 /application/vendor/atlas/orm/src/Table/TableSelect.php(310): Atlas\Orm\Table\TableSelect->fetchOne()
#7 [internal function]" while reading response header from upstream, client: 172.20.0.1, server: www.pomanager.it, request: "GET /hello/ HTTP/1.1", upstream: "fastcgi://172.20.0.3:9000", host: "www.pomanager.it"
2018/02/19 22:05:25 [error] 8#8: *15 FastCGI sent in stderr: "PHP message: Slim Application Error:
Type: PDOException
Code: 2002
Message: SQLSTATE[HY000] [2002] No such file or directory
File: /application/vendor/aura/sql/src/ExtendedPdo.php
Line: 217
Trace: #0 /application/vendor/aura/sql/src/ExtendedPdo.php(217): PDO->__construct('mysql:host=loca...', 'root', 'r083rt0', Array)
#1 /application/vendor/aura/sql/src/ExtendedPdo.php(769): Aura\Sql\ExtendedPdo->connect()
#2 /application/vendor/aura/sql/src/ExtendedPdo.php(984): Aura\Sql\ExtendedPdo->prepare('SELECT\n    `lan...')
#3 /application/vendor/aura/sql/src/ExtendedPdo.php(746): Aura\Sql\ExtendedPdo->prepareWithValues('SELECT\n    `lan...', Array)
#4 /application/vendor/aura/sql/src/ExtendedPdo.php(545): Aura\Sql\ExtendedPdo->perform('SELECT\n    `lan...', Array)
#5 /application/vendor/atlas/orm/src/Table/TableSelect.php(189): Aura\Sql\ExtendedPdo->fetchOne('SELECT\n    `lan...', Array)
#6 /application/vendor/atlas/orm/src/Table/TableSelect.php(310): Atlas\Orm\Table\TableSelect->fetchOne()
#7 [internal function]" while reading response header from upstream, client: 172.20.0.1, server: www.pomanager.it, request: "GET /hello/ HTTP/1.1", upstream: "fastcgi://172.20.0.3:9000", host: "www.pomanager.it"
2018/02/19 22:05:25 [error] 8#8: *15 FastCGI sent in stderr: "PHP message: Slim Application Error:
Type: PDOException
Code: 2002
Message: SQLSTATE[HY000] [2002] No such file or directory
File: /application/vendor/aura/sql/src/ExtendedPdo.php
Line: 217
Trace: #0 /application/vendor/aura/sql/src/ExtendedPdo.php(217): PDO->__construct('mysql:host=loca...', 'root', 'r083rt0', Array)
#1 /application/vendor/aura/sql/src/ExtendedPdo.php(769): Aura\Sql\ExtendedPdo->connect()
#2 /application/vendor/aura/sql/src/ExtendedPdo.php(984): Aura\Sql\ExtendedPdo->prepare('SELECT\n    `lan...')
#3 /application/vendor/aura/sql/src/ExtendedPdo.php(746): Aura\Sql\ExtendedPdo->prepareWithValues('SELECT\n    `lan...', Array)
#4 /application/vendor/aura/sql/src/ExtendedPdo.php(545): Aura\Sql\ExtendedPdo->perform('SELECT\n    `lan...', Array)
#5 /application/vendor/atlas/orm/src/Table/TableSelect.php(189): Aura\Sql\ExtendedPdo->fetchOne('SELECT\n    `lan...', Array)
#6 /application/vendor/atlas/orm/src/Table/TableSelect.php(310): Atlas\Orm\Table\TableSelect->fetchOne()
#7 [internal function]" while reading response header from upstream, client: 172.20.0.1, server: www.pomanager.it, request: "GET /hello/ HTTP/1.1", upstream: "fastcgi://172.20.0.3:9000", host: "www.pomanager.it"
2018/02/19 22:05:31 [error] 8#8: *15 FastCGI sent in stderr: "PHP message: Slim Application Error:
Type: PDOException
Code: 2002
Message: SQLSTATE[HY000] [2002] No such file or directory
File: /application/vendor/aura/sql/src/ExtendedPdo.php
Line: 217
Trace: #0 /application/vendor/aura/sql/src/ExtendedPdo.php(217): PDO->__construct('mysql:host=loca...', 'root', 'r083rt0', Array)
#1 /application/vendor/aura/sql/src/ExtendedPdo.php(769): Aura\Sql\ExtendedPdo->connect()
#2 /application/vendor/aura/sql/src/ExtendedPdo.php(984): Aura\Sql\ExtendedPdo->prepare('SELECT\n    `lan...')
#3 /application/vendor/aura/sql/src/ExtendedPdo.php(746): Aura\Sql\ExtendedPdo->prepareWithValues('SELECT\n    `lan...', Array)
#4 /application/vendor/aura/sql/src/ExtendedPdo.php(545): Aura\Sql\ExtendedPdo->perform('SELECT\n    `lan...', Array)
#5 /application/vendor/atlas/orm/src/Table/TableSelect.php(189): Aura\Sql\ExtendedPdo->fetchOne('SELECT\n    `lan...', Array)
#6 /application/vendor/atlas/orm/src/Table/TableSelect.php(310): Atlas\Orm\Table\TableSelect->fetchOne()
#7 [internal function]" while reading response header from upstream, client: 172.20.0.1, server: www.pomanager.it, request: "GET /hello/ HTTP/1.1", upstream: "fastcgi://172.20.0.3:9000", host: "www.pomanager.it"
2018/02/19 22:06:20 [error] 8#8: *15 FastCGI sent in stderr: "PHP message: PHP Warning:  fwrite() expects parameter 2 to be string, object given in /application/vendor/slim/slim/Slim/Http/Stream.php on line 406
PHP message: PHP Stack trace:
PHP message: PHP   1. {main}() /application/index.php:0
PHP message: PHP   2. Slim\App->run() /application/index.php:27
PHP message: PHP   3. Slim\App->process() /application/vendor/slim/slim/Slim/App.php:296
PHP message: PHP   4. Slim\App->callMiddlewareStack() /application/vendor/slim/slim/Slim/App.php:388
PHP message: PHP   5. Slim\App->__invoke() /application/vendor/slim/slim/Slim/MiddlewareAwareTrait.php:117
PHP message: PHP   6. Slim\Route->run() /application/vendor/slim/slim/Slim/App.php:495
PHP message: PHP   7. Slim\Route->callMiddlewareStack() /application/vendor/slim/slim/Slim/Route.php:313
PHP message: PHP   8. Slim\Route->__invoke() /application/vendor/slim/slim/Slim/MiddlewareAwareTrait.php:117
PHP message: PHP   9. Slim\Handlers\Strategies\RequestResponse->__invoke() /application/vendor/slim/slim/Slim/Route.php:335
PHP message: PHP  10. call_user_func:{/application/vendor/slim/slim/Slim/Handlers/Strategies/RequestResponse.php:41}() /application/vendor/slim/slim/Slim/Handlers/Strategies/RequestResponse.php:41
PHP message: PHP  11. Slim\Container->{closure:/application/index.php:9-26}() /application/vendor/slim/slim/Slim/Handlers/Strategies/RequestResponse.php:41
PHP message: PHP  12. Slim\Http\Body->write() /application/index.php:23
PHP message: PHP  13. fwrite() /application/vendor/slim/slim/Slim/Http/Stream.php:406
PHP message: Slim Application Error:
Type: RuntimeException
Message: Could not write to stream
File: /application/vendor/slim/slim/Slim/Http/Stream.php
Line: 407
Trace: #0 /application/index.php(23): Slim\Http\Stream->write(Object(Atlas\Orm\Mapper\Record))
#1 [internal function]: Closure->{closure}(Object(Slim\Http\Request), Object(Slim\Http\Response), Array)
#2 /application/vendor/slim/slim/Slim/Handlers/Strategies/RequestResponse.php(41): call_use
